<?xml version="1.0" encoding="UTF-8"?>
<testsuite xmlns:xsi="http://www.w3.org/2001/XMLSchema-instance" xsi:noNamespaceSchemaLocation="https://maven.apache.org/surefire/maven-surefire-plugin/xsd/surefire-test-report-3.0.xsd" version="3.0" name="org.loose.sef.junitexample.MathChampionshipTest" time="0.492" tests="4" errors="0" skipped="1" failures="0">
  <properties>
[...]
</properties>
  <testcase name="testNoSuchStudent" classname="org.loose.sef.junitexample.MathChampionshipTest" time="0.354"/>
  <testcase name="testGetSilverPrize" classname="org.loose.sef.junitexample.MathChampionshipTest" time="0.022"/>
  <testcase name="testGetGoldPrize" classname="org.loose.sef.junitexample.MathChampionshipTest" time="0.007"/>
  <testcase name="testPrizeFromCsv" classname="org.loose.sef.junitexample.MathChampionshipTest" time="0">
    <skipped message="This Test is just a template, do not add it to your test suite"/>
  </testcase>
</testsuite>